2022-05-11T13:38:19.381766Z 0 [Warning] Insecure configuration for --secure-file-priv: Current value does not restrict location of generated files. Consider setting it to a valid, non-empty path.
2022-05-11T13:38:19.382553Z 0 [ERROR] Cannot open Windows EventLog; check privileges, or start server with --log_syslog=0
2022-05-11T13:38:19.382579Z 0 [Note] E:\laragon\bin\mysql\mysql-5.7.33-winx64\bin\mysqld (mysqld 5.7.33) starting as process 13980 ...
2022-05-11T13:38:19.427079Z 0 [Note] InnoDB: Mutexes and rw_locks use Windows interlocked functions
2022-05-11T13:38:19.431566Z 0 [Note] InnoDB: Uses event mutexes
2022-05-11T13:38:19.432907Z 0 [Note] InnoDB: _mm_lfence() and _mm_sfence() are used for memory barrier
2022-05-11T13:38:19.434958Z 0 [Note] InnoDB: Compressed tables use zlib 1.2.11
2022-05-11T13:38:19.436821Z 0 [Note] InnoDB: Number of pools: 1
2022-05-11T13:38:19.437868Z 0 [Note] InnoDB: Not using CPU crc32 instructions
2022-05-11T13:38:19.444242Z 0 [Note] InnoDB: Initializing buffer pool, total size = 128M, instances = 1, chunk size = 128M
2022-05-11T13:38:19.474442Z 0 [Note] InnoDB: Completed initialization of buffer pool
2022-05-11T13:38:19.533451Z 0 [Note] InnoDB: Highest supported file format is Barracuda.
2022-05-11T13:38:19.630895Z 0 [Note] InnoDB: Creating shared tablespace for temporary tables
2022-05-11T13:38:19.632289Z 0 [Note] InnoDB: Setting file '.\ibtmp1' size to 12 MB. Physically writing the file full; Please wait ...
2022-05-11T13:38:19.661332Z 0 [Note] InnoDB: File '.\ibtmp1' size is now 12 MB.
2022-05-11T13:38:19.673314Z 0 [Note] InnoDB: 96 redo rollback segment(s) found. 96 redo rollback segment(s) are active.
2022-05-11T13:38:19.674666Z 0 [Note] InnoDB: 32 non-redo rollback segment(s) are active.
2022-05-11T13:38:19.676170Z 0 [Note] InnoDB: Waiting for purge to start
2022-05-11T13:38:19.733237Z 0 [Note] InnoDB: 5.7.33 started; log sequence number 2746840
2022-05-11T13:38:19.734501Z 0 [Note] InnoDB: Loading buffer pool(s) from E:\DoAn\ShopFashion\public\mysql\ib_buffer_pool
2022-05-11T13:38:19.734725Z 0 [Note] Plugin 'FEDERATED' is disabled.
2022-05-11T13:38:19.752031Z 0 [Note] Found ca.pem, server-cert.pem and server-key.pem in data directory. Trying to enable SSL support using them.
2022-05-11T13:38:19.753767Z 0 [Note] Skipping generation of SSL certificates as certificate files are present in data directory.
2022-05-11T13:38:19.757538Z 0 [Warning] CA certificate ca.pem is self signed.
2022-05-11T13:38:19.758748Z 0 [Note] Skipping generation of RSA key pair as key files are present in data directory.
2022-05-11T13:38:19.759884Z 0 [Note] InnoDB: Buffer pool(s) load completed at 220511 20:38:19
2022-05-11T13:38:19.760635Z 0 [Note] Server hostname (bind-address): '*'; port: 3306
2022-05-11T13:38:19.762541Z 0 [Note] IPv6 is available.
2022-05-11T13:38:19.763189Z 0 [Note]   - '::' resolves to '::';
2022-05-11T13:38:19.764073Z 0 [Note] Server socket created on IP: '::'.
2022-05-11T13:38:19.820044Z 0 [Note] Event Scheduler: Loaded 0 events
2022-05-11T13:38:19.820977Z 0 [Note] E:\laragon\bin\mysql\mysql-5.7.33-winx64\bin\mysqld: ready for connections.
Version: '5.7.33'  socket: ''  port: 3306  MySQL Community Server (GPL)
2022-05-11T15:38:01.175590Z 0 [Warning] Insecure configuration for --secure-file-priv: Current value does not restrict location of generated files. Consider setting it to a valid, non-empty path.
2022-05-11T15:38:01.239981Z 0 [ERROR] Cannot open Windows EventLog; check privileges, or start server with --log_syslog=0
2022-05-11T15:38:01.240007Z 0 [Note] E:\laragon\bin\mysql\mysql-5.7.33-winx64\bin\mysqld (mysqld 5.7.33) starting as process 17396 ...
2022-05-11T15:38:01.284424Z 0 [Note] InnoDB: Mutexes and rw_locks use Windows interlocked functions
2022-05-11T15:38:01.285598Z 0 [Note] InnoDB: Uses event mutexes
2022-05-11T15:38:01.286347Z 0 [Note] InnoDB: _mm_lfence() and _mm_sfence() are used for memory barrier
2022-05-11T15:38:01.287509Z 0 [Note] InnoDB: Compressed tables use zlib 1.2.11
2022-05-11T15:38:01.288906Z 0 [Note] InnoDB: Number of pools: 1
2022-05-11T15:38:01.289889Z 0 [Note] InnoDB: Not using CPU crc32 instructions
2022-05-11T15:38:01.298306Z 0 [Note] InnoDB: Initializing buffer pool, total size = 128M, instances = 1, chunk size = 128M
2022-05-11T15:38:01.319227Z 0 [Note] InnoDB: Completed initialization of buffer pool
2022-05-11T15:38:01.345199Z 0 [ERROR] InnoDB: The innodb_system data file 'ibdata1' must be writable
2022-05-11T15:38:01.346408Z 0 [ERROR] InnoDB: The innodb_system data file 'ibdata1' must be writable
2022-05-11T15:38:01.347614Z 0 [ERROR] InnoDB: Plugin initialization aborted with error Generic error
2022-05-11T15:38:01.562005Z 0 [ERROR] Plugin 'InnoDB' init function returned error.
2022-05-11T15:38:01.563110Z 0 [ERROR] Plugin 'InnoDB' registration as a STORAGE ENGINE failed.
2022-05-11T15:38:01.564180Z 0 [ERROR] Failed to initialize builtin plugins.
2022-05-11T15:38:01.564984Z 0 [ERROR] Aborting

2022-05-11T15:38:01.565492Z 0 [Note] Binlog end
2022-05-11T15:38:01.566085Z 0 [Note] Shutting down plugin 'CSV'
2022-05-11T15:38:01.576675Z 0 [Note] E:\laragon\bin\mysql\mysql-5.7.33-winx64\bin\mysqld: Shutdown complete

2022-05-12T12:49:08.786665Z 0 [Warning] Insecure configuration for --secure-file-priv: Current value does not restrict location of generated files. Consider setting it to a valid, non-empty path.
2022-05-12T12:49:08.983791Z 0 [ERROR] Cannot open Windows EventLog; check privileges, or start server with --log_syslog=0
2022-05-12T12:49:08.983859Z 0 [Note] E:\laragon\bin\mysql\mysql-5.7.33-winx64\bin\mysqld (mysqld 5.7.33) starting as process 9112 ...
2022-05-12T12:49:09.027682Z 0 [Note] InnoDB: Mutexes and rw_locks use Windows interlocked functions
2022-05-12T12:49:09.028774Z 0 [Note] InnoDB: Uses event mutexes
2022-05-12T12:49:09.029454Z 0 [Note] InnoDB: _mm_lfence() and _mm_sfence() are used for memory barrier
2022-05-12T12:49:09.030528Z 0 [Note] InnoDB: Compressed tables use zlib 1.2.11
2022-05-12T12:49:09.057357Z 0 [Note] InnoDB: Number of pools: 1
2022-05-12T12:49:09.058603Z 0 [Note] InnoDB: Not using CPU crc32 instructions
2022-05-12T12:49:09.065416Z 0 [Note] InnoDB: Initializing buffer pool, total size = 128M, instances = 1, chunk size = 128M
2022-05-12T12:49:09.084861Z 0 [Note] InnoDB: Completed initialization of buffer pool
2022-05-12T12:49:09.905403Z 0 [Note] InnoDB: Highest supported file format is Barracuda.
2022-05-12T12:49:09.909545Z 0 [Note] InnoDB: Log scan progressed past the checkpoint lsn 3291615
2022-05-12T12:49:09.910909Z 0 [Note] InnoDB: Doing recovery: scanned up to log sequence number 3291624
2022-05-12T12:49:09.912127Z 0 [Note] InnoDB: Database was not shutdown normally!
2022-05-12T12:49:09.913013Z 0 [Note] InnoDB: Starting crash recovery.
2022-05-12T12:49:10.398345Z 0 [Note] InnoDB: Removed temporary tablespace data file: "ibtmp1"
2022-05-12T12:49:10.399369Z 0 [Note] InnoDB: Creating shared tablespace for temporary tables
2022-05-12T12:49:10.400708Z 0 [Note] InnoDB: Setting file '.\ibtmp1' size to 12 MB. Physically writing the file full; Please wait ...
2022-05-12T12:49:10.433181Z 0 [Note] InnoDB: File '.\ibtmp1' size is now 12 MB.
2022-05-12T12:49:10.449424Z 0 [Note] InnoDB: 96 redo rollback segment(s) found. 96 redo rollback segment(s) are active.
2022-05-12T12:49:10.450686Z 0 [Note] InnoDB: 32 non-redo rollback segment(s) are active.
2022-05-12T12:49:10.452081Z 0 [Note] InnoDB: Waiting for purge to start
2022-05-12T12:49:10.523666Z 0 [Note] InnoDB: Waiting for purge to start
2022-05-12T12:49:10.622631Z 0 [Note] InnoDB: Waiting for purge to start
2022-05-12T12:49:10.725593Z 0 [Note] InnoDB: 5.7.33 started; log sequence number 3291624
2022-05-12T12:49:10.727467Z 0 [Note] Plugin 'FEDERATED' is disabled.
2022-05-12T12:49:10.747439Z 0 [Note] Found ca.pem, server-cert.pem and server-key.pem in data directory. Trying to enable SSL support using them.
2022-05-12T12:49:10.748962Z 0 [Note] Skipping generation of SSL certificates as certificate files are present in data directory.
2022-05-12T12:49:10.754171Z 0 [Warning] CA certificate ca.pem is self signed.
2022-05-12T12:49:10.755337Z 0 [Note] Skipping generation of RSA key pair as key files are present in data directory.
2022-05-12T12:49:10.757587Z 0 [Note] Server hostname (bind-address): '*'; port: 3306
2022-05-12T12:49:10.759002Z 0 [Note] IPv6 is available.
2022-05-12T12:49:10.759945Z 0 [Note]   - '::' resolves to '::';
2022-05-12T12:49:10.760990Z 0 [Note] Server socket created on IP: '::'.
2022-05-12T12:49:10.845017Z 0 [Note] InnoDB: Loading buffer pool(s) from E:\DoAn\ShopFashion\public\mysql\ib_buffer_pool
2022-05-12T12:49:10.943292Z 0 [Note] InnoDB: Buffer pool(s) load completed at 220512 19:49:10
2022-05-12T12:49:11.142319Z 0 [Note] Event Scheduler: Loaded 0 events
2022-05-12T12:49:11.212101Z 0 [Note] E:\laragon\bin\mysql\mysql-5.7.33-winx64\bin\mysqld: ready for connections.
Version: '5.7.33'  socket: ''  port: 3306  MySQL Community Server (GPL)
2022-05-12T13:17:07.093836Z 0 [Note] E:\laragon\bin\mysql\mysql-5.7.33-winx64\bin\mysqld: Normal shutdown

2022-05-12T13:17:07.095040Z 0 [Note] Giving 0 client threads a chance to die gracefully
2022-05-12T13:17:07.095883Z 0 [Note] Shutting down slave threads
2022-05-12T13:17:07.096908Z 0 [Note] Forcefully disconnecting 0 remaining clients
2022-05-12T13:17:07.097713Z 0 [Note] Event Scheduler: Purging the queue. 0 events
2022-05-12T13:17:07.098827Z 0 [Note] Binlog end
2022-05-12T13:17:07.103707Z 0 [Note] Shutting down plugin 'ngram'
2022-05-12T13:17:07.105154Z 0 [Note] Shutting down plugin 'partition'
2022-05-12T13:17:07.105928Z 0 [Note] Shutting down plugin 'BLACKHOLE'
2022-05-12T13:17:07.106673Z 0 [Note] Shutting down plugin 'ARCHIVE'
2022-05-12T13:17:07.107364Z 0 [Note] Shutting down plugin 'PERFORMANCE_SCHEMA'
2022-05-12T13:17:07.108652Z 0 [Note] Shutting down plugin 'MRG_MYISAM'
2022-05-12T13:17:07.109917Z 0 [Note] Shutting down plugin 'MyISAM'
2022-05-12T13:17:07.110983Z 0 [Note] Shutting down plugin 'INNODB_SYS_VIRTUAL'
2022-05-12T13:17:07.112229Z 0 [Note] Shutting down plugin 'INNODB_SYS_DATAFILES'
2022-05-12T13:17:07.112848Z 0 [Note] Shutting down plugin 'INNODB_SYS_TABLESPACES'
2022-05-12T13:17:07.113483Z 0 [Note] Shutting down plugin 'INNODB_SYS_FOREIGN_COLS'
2022-05-12T13:17:07.114111Z 0 [Note] Shutting down plugin 'INNODB_SYS_FOREIGN'
2022-05-12T13:17:07.115018Z 0 [Note] Shutting down plugin 'INNODB_SYS_FIELDS'
2022-05-12T13:17:07.115920Z 0 [Note] Shutting down plugin 'INNODB_SYS_COLUMNS'
2022-05-12T13:17:07.116522Z 0 [Note] Shutting down plugin 'INNODB_SYS_INDEXES'
2022-05-12T13:17:07.117734Z 0 [Note] Shutting down plugin 'INNODB_SYS_TABLESTATS'
2022-05-12T13:17:07.119143Z 0 [Note] Shutting down plugin 'INNODB_SYS_TABLES'
2022-05-12T13:17:07.120430Z 0 [Note] Shutting down plugin 'INNODB_FT_INDEX_TABLE'
2022-05-12T13:17:07.121757Z 0 [Note] Shutting down plugin 'INNODB_FT_INDEX_CACHE'
2022-05-12T13:17:07.122648Z 0 [Note] Shutting down plugin 'INNODB_FT_CONFIG'
2022-05-12T13:17:07.123474Z 0 [Note] Shutting down plugin 'INNODB_FT_BEING_DELETED'
2022-05-12T13:17:07.124105Z 0 [Note] Shutting down plugin 'INNODB_FT_DELETED'
2022-05-12T13:17:07.124692Z 0 [Note] Shutting down plugin 'INNODB_FT_DEFAULT_STOPWORD'
2022-05-12T13:17:07.125629Z 0 [Note] Shutting down plugin 'INNODB_METRICS'
2022-05-12T13:17:07.126233Z 0 [Note] Shutting down plugin 'INNODB_TEMP_TABLE_INFO'
2022-05-12T13:17:07.126857Z 0 [Note] Shutting down plugin 'INNODB_BUFFER_POOL_STATS'
2022-05-12T13:17:07.127492Z 0 [Note] Shutting down plugin 'INNODB_BUFFER_PAGE_LRU'
2022-05-12T13:17:07.128112Z 0 [Note] Shutting down plugin 'INNODB_BUFFER_PAGE'
2022-05-12T13:17:07.129118Z 0 [Note] Shutting down plugin 'INNODB_CMP_PER_INDEX_RESET'
2022-05-12T13:17:07.129791Z 0 [Note] Shutting down plugin 'INNODB_CMP_PER_INDEX'
2022-05-12T13:17:07.130430Z 0 [Note] Shutting down plugin 'INNODB_CMPMEM_RESET'
2022-05-12T13:17:07.131167Z 0 [Note] Shutting down plugin 'INNODB_CMPMEM'
2022-05-12T13:17:07.131738Z 0 [Note] Shutting down plugin 'INNODB_CMP_RESET'
2022-05-12T13:17:07.132294Z 0 [Note] Shutting down plugin 'INNODB_CMP'
2022-05-12T13:17:07.132803Z 0 [Note] Shutting down plugin 'INNODB_LOCK_WAITS'
2022-05-12T13:17:07.133767Z 0 [Note] Shutting down plugin 'INNODB_LOCKS'
2022-05-12T13:17:07.134334Z 0 [Note] Shutting down plugin 'INNODB_TRX'
2022-05-12T13:17:07.134867Z 0 [Note] Shutting down plugin 'InnoDB'
2022-05-12T13:17:07.136605Z 0 [Note] InnoDB: FTS optimize thread exiting.
2022-05-12T13:17:07.137783Z 0 [Note] InnoDB: Starting shutdown...
2022-05-12T13:17:07.248240Z 0 [Note] InnoDB: Dumping buffer pool(s) to E:\DoAn\ShopFashion\public\mysql\ib_buffer_pool
2022-05-12T13:17:07.250353Z 0 [Note] InnoDB: Buffer pool(s) dump completed at 220512 20:17:07
2022-05-12T13:17:08.603803Z 0 [Note] InnoDB: Shutdown completed; log sequence number 3291677
2022-05-12T13:17:08.611421Z 0 [Note] InnoDB: Removed temporary tablespace data file: "ibtmp1"
2022-05-12T13:17:08.612657Z 0 [Note] Shutting down plugin 'MEMORY'
2022-05-12T13:17:08.613571Z 0 [Note] Shutting down plugin 'CSV'
2022-05-12T13:17:08.614367Z 0 [Note] Shutting down plugin 'sha256_password'
2022-05-12T13:17:08.615365Z 0 [Note] Shutting down plugin 'mysql_native_password'
2022-05-12T13:17:08.616794Z 0 [Note] Shutting down plugin 'binlog'
2022-05-12T13:17:08.626151Z 0 [Note] E:\laragon\bin\mysql\mysql-5.7.33-winx64\bin\mysqld: Shutdown complete

2022-05-12T13:17:16.681378Z 0 [Warning] Insecure configuration for --secure-file-priv: Current value does not restrict location of generated files. Consider setting it to a valid, non-empty path.
2022-05-12T13:17:16.682191Z 0 [ERROR] Cannot open Windows EventLog; check privileges, or start server with --log_syslog=0
2022-05-12T13:17:16.682226Z 0 [Note] E:\laragon\bin\mysql\mysql-5.7.33-winx64\bin\mysqld (mysqld 5.7.33) starting as process 14948 ...
2022-05-12T13:17:16.726917Z 0 [Note] InnoDB: Mutexes and rw_locks use Windows interlocked functions
2022-05-12T13:17:16.727710Z 0 [Note] InnoDB: Uses event mutexes
2022-05-12T13:17:16.728256Z 0 [Note] InnoDB: _mm_lfence() and _mm_sfence() are used for memory barrier
2022-05-12T13:17:16.729037Z 0 [Note] InnoDB: Compressed tables use zlib 1.2.11
2022-05-12T13:17:16.730206Z 0 [Note] InnoDB: Number of pools: 1
2022-05-12T13:17:16.730998Z 0 [Note] InnoDB: Not using CPU crc32 instructions
2022-05-12T13:17:16.737080Z 0 [Note] InnoDB: Initializing buffer pool, total size = 128M, instances = 1, chunk size = 128M
2022-05-12T13:17:16.748672Z 0 [Note] InnoDB: Completed initialization of buffer pool
2022-05-12T13:17:16.796268Z 0 [Note] InnoDB: Highest supported file format is Barracuda.
2022-05-12T13:17:17.337945Z 0 [Note] InnoDB: Creating shared tablespace for temporary tables
2022-05-12T13:17:17.339026Z 0 [Note] InnoDB: Setting file '.\ibtmp1' size to 12 MB. Physically writing the file full; Please wait ...
2022-05-12T13:17:17.396274Z 0 [Note] InnoDB: File '.\ibtmp1' size is now 12 MB.
2022-05-12T13:17:17.409773Z 0 [Note] InnoDB: 96 redo rollback segment(s) found. 96 redo rollback segment(s) are active.
2022-05-12T13:17:17.411506Z 0 [Note] InnoDB: 32 non-redo rollback segment(s) are active.
2022-05-12T13:17:17.413084Z 0 [Note] InnoDB: Waiting for purge to start
2022-05-12T13:17:17.475598Z 0 [Note] InnoDB: 5.7.33 started; log sequence number 3291677
2022-05-12T13:17:17.476872Z 0 [Note] InnoDB: Loading buffer pool(s) from E:\DoAn\ShopFashion\public\mysql\ib_buffer_pool
2022-05-12T13:17:17.476998Z 0 [Note] Plugin 'FEDERATED' is disabled.
2022-05-12T13:17:17.527004Z 0 [Note] Found ca.pem, server-cert.pem and server-key.pem in data directory. Trying to enable SSL support using them.
2022-05-12T13:17:17.528353Z 0 [Note] Skipping generation of SSL certificates as certificate files are present in data directory.
2022-05-12T13:17:17.538512Z 0 [Note] InnoDB: Buffer pool(s) load completed at 220512 20:17:17
2022-05-12T13:17:17.554974Z 0 [Warning] CA certificate ca.pem is self signed.
2022-05-12T13:17:17.556089Z 0 [Note] Skipping generation of RSA key pair as key files are present in data directory.
2022-05-12T13:17:17.573838Z 0 [Note] Server hostname (bind-address): '*'; port: 3306
2022-05-12T13:17:17.575033Z 0 [Note] IPv6 is available.
2022-05-12T13:17:17.575579Z 0 [Note]   - '::' resolves to '::';
2022-05-12T13:17:17.576242Z 0 [Note] Server socket created on IP: '::'.
2022-05-12T13:17:19.192053Z 0 [Note] Event Scheduler: Loaded 0 events
2022-05-12T13:17:19.193289Z 0 [Note] E:\laragon\bin\mysql\mysql-5.7.33-winx64\bin\mysqld: ready for connections.
Version: '5.7.33'  socket: ''  port: 3306  MySQL Community Server (GPL)
