2022-04-19T13:50:27.007177Z 0 [Warning] Insecure configuration for --secure-file-priv: Current value does not restrict location of generated files. Consider setting it to a valid, non-empty path.
2022-04-19T13:50:27.007999Z 0 [ERROR] Cannot open Windows EventLog; check privileges, or start server with --log_syslog=0
2022-04-19T13:50:27.008039Z 0 [Note] E:\laragon\bin\mysql\mysql-5.7.33-winx64\bin\mysqld (mysqld 5.7.33) starting as process 12792 ...
2022-04-19T13:50:27.045478Z 0 [Note] InnoDB: Mutexes and rw_locks use Windows interlocked functions
2022-04-19T13:50:27.047704Z 0 [Note] InnoDB: Uses event mutexes
2022-04-19T13:50:27.049099Z 0 [Note] InnoDB: _mm_lfence() and _mm_sfence() are used for memory barrier
2022-04-19T13:50:27.052039Z 0 [Note] InnoDB: Compressed tables use zlib 1.2.11
2022-04-19T13:50:27.053812Z 0 [Note] InnoDB: Number of pools: 1
2022-04-19T13:50:27.054847Z 0 [Note] InnoDB: Not using CPU crc32 instructions
2022-04-19T13:50:27.060962Z 0 [Note] InnoDB: Initializing buffer pool, total size = 128M, instances = 1, chunk size = 128M
2022-04-19T13:50:27.077597Z 0 [Note] InnoDB: Completed initialization of buffer pool
2022-04-19T13:50:27.124559Z 0 [Note] InnoDB: Highest supported file format is Barracuda.
2022-04-19T13:50:27.219105Z 0 [Note] InnoDB: Creating shared tablespace for temporary tables
2022-04-19T13:50:27.220407Z 0 [Note] InnoDB: Setting file '.\ibtmp1' size to 12 MB. Physically writing the file full; Please wait ...
2022-04-19T13:50:27.249343Z 0 [Note] InnoDB: File '.\ibtmp1' size is now 12 MB.
2022-04-19T13:50:27.264471Z 0 [Note] InnoDB: 96 redo rollback segment(s) found. 96 redo rollback segment(s) are active.
2022-04-19T13:50:27.265756Z 0 [Note] InnoDB: 32 non-redo rollback segment(s) are active.
2022-04-19T13:50:27.267673Z 0 [Note] InnoDB: Waiting for purge to start
2022-04-19T13:50:27.330539Z 0 [Note] InnoDB: 5.7.33 started; log sequence number 2746840
2022-04-19T13:50:27.332070Z 0 [Note] InnoDB: Loading buffer pool(s) from E:\DoAn\ShopFashion\mysql\ib_buffer_pool
2022-04-19T13:50:27.332219Z 0 [Note] Plugin 'FEDERATED' is disabled.
2022-04-19T13:50:27.358929Z 0 [Note] Found ca.pem, server-cert.pem and server-key.pem in data directory. Trying to enable SSL support using them.
2022-04-19T13:50:27.360764Z 0 [Note] Skipping generation of SSL certificates as certificate files are present in data directory.
2022-04-19T13:50:27.365038Z 0 [Warning] CA certificate ca.pem is self signed.
2022-04-19T13:50:27.366180Z 0 [Note] Skipping generation of RSA key pair as key files are present in data directory.
2022-04-19T13:50:27.368513Z 0 [Note] Server hostname (bind-address): '*'; port: 3306
2022-04-19T13:50:27.369766Z 0 [Note] IPv6 is available.
2022-04-19T13:50:27.370425Z 0 [Note]   - '::' resolves to '::';
2022-04-19T13:50:27.371270Z 0 [Note] Server socket created on IP: '::'.
2022-04-19T13:50:27.376142Z 0 [Note] InnoDB: Buffer pool(s) load completed at 220419 20:50:27
2022-04-19T13:50:27.429743Z 0 [Note] Event Scheduler: Loaded 0 events
2022-04-19T13:50:27.430513Z 0 [Note] E:\laragon\bin\mysql\mysql-5.7.33-winx64\bin\mysqld: ready for connections.
Version: '5.7.33'  socket: ''  port: 3306  MySQL Community Server (GPL)
2022-04-19T14:15:00.357193Z 2 [Note] Unknown database 'qlthoitrang'
2022-04-19T14:15:00.426888Z 3 [Note] Unknown database 'qlthoitrang'
2022-04-19T14:15:01.507064Z 4 [Note] Unknown database 'qlthoitrang'
2022-04-19T14:15:12.996108Z 5 [Note] Unknown database 'qlthoitrang'
2022-04-19T14:15:13.024007Z 6 [Note] Unknown database 'qlthoitrang'
2022-04-19T14:15:14.079738Z 7 [Note] Unknown database 'qlthoitrang'
2022-04-19T14:15:17.587536Z 8 [Note] Unknown database 'qlthoitrang'
2022-04-19T14:15:17.614401Z 9 [Note] Unknown database 'qlthoitrang'
2022-04-19T14:15:18.697586Z 10 [Note] Unknown database 'qlthoitrang'
2022-04-19T14:16:07.324014Z 25 [Note] Unknown database 'qlthoitrang'
2022-04-19T14:16:07.343313Z 26 [Note] Unknown database 'qlthoitrang'
2022-04-19T14:16:08.406192Z 27 [Note] Unknown database 'qlthoitrang'
2022-04-19T14:16:29.392364Z 28 [Note] Unknown database 'qlthoitrang'
2022-04-19T14:16:29.425165Z 29 [Note] Unknown database 'qlthoitrang'
2022-04-19T14:16:30.496917Z 30 [Note] Unknown database 'qlthoitrang'
2022-04-19T14:18:40.408522Z 31 [Note] Unknown database 'qlthoitrang'
2022-04-19T14:18:40.453843Z 32 [Note] Unknown database 'qlthoitrang'
2022-04-19T14:18:41.529810Z 33 [Note] Unknown database 'qlthoitrang'
2022-04-19T14:19:16.803419Z 34 [Note] Unknown database 'qlthoitrang'
2022-04-19T14:19:16.838977Z 35 [Note] Unknown database 'qlthoitrang'
2022-04-19T14:19:17.912069Z 36 [Note] Unknown database 'qlthoitrang'
2022-04-19T14:21:54.216577Z 61 [Note] Unknown database 'qlthoitrang'
2022-04-19T14:21:54.241429Z 62 [Note] Unknown database 'qlthoitrang'
2022-04-19T14:21:55.310057Z 63 [Note] Unknown database 'qlthoitrang'
